<?xml version="1.0" encoding="UTF-8"?>
<!-- Generated by org.testng.reporters.JUnitReportReporter -->
<testsuite hostname="C100414" failures="0" tests="1" name="task1.TestNGTest" time="0.005" errors="0" timestamp="2020-02-11T09:39:09 EET" skipped="0">
  <testcase classname="task1.TestNGTest" name="first" time="0.005"/>
</testsuite> <!-- task1.TestNGTest -->
