<?xml version="1.0" encoding="UTF-8"?>
<!-- Generated by org.testng.reporters.JUnitReportReporter -->
<testsuite hostname="C100414" failures="0" tests="1" name="task1.FirstTest" time="0.014" errors="0" timestamp="2020-02-11T09:15:11 EET" skipped="0">
  <testcase classname="task1.FirstTest" name="first" time="0.014"/>
</testsuite> <!-- task1.FirstTest -->
