<?xml version="1.0" encoding="UTF-8"?>
<!-- Generated by org.testng.reporters.JUnitReportReporter -->
<testsuite hostname="C100414" failures="0" tests="1" name="samples.FirstTest" time="0.007" errors="0" timestamp="2019-11-11T11:53:19 EET" skipped="0">
  <testcase classname="samples.FirstTest" name="first" time="0.007"/>
</testsuite> <!-- samples.FirstTest -->
